  ItemType.cpp
C:\Users\Taemin\Desktop\Lab03\Lab03\MasterList.h(21,1): error C3646: 'MasterList': 알 수 없는 재정의 지정자입니다.
C:\Users\Taemin\Desktop\Lab03\Lab03\MasterList.h(145): message : 컴파일되는 클래스 템플릿 인스턴스화 'MasterList<T>'에 대한 참조를 확인하세요.
C:\Users\Taemin\Desktop\Lab03\Lab03\MasterList.h(21,1): error C2059: 구문 오류: '('
C:\Users\Taemin\Desktop\Lab03\Lab03\MasterList.h(27,12): error C2059: 구문 오류: '('
C:\Users\Taemin\Desktop\Lab03\Lab03\MasterList.h(158,1): error C2244: 'MasterList<T>::MasterList': 함수 정의를 기존 선언과 일치시킬 수 없습니다.
C:\Users\Taemin\Desktop\Lab03\Lab03\MasterList.h(157): message : 'MasterList<T>::MasterList' 선언을 참조하십시오.
C:\Users\Taemin\Desktop\Lab03\Lab03\MasterList.h(158,1): message : 정의
C:\Users\Taemin\Desktop\Lab03\Lab03\MasterList.h(158,1): message : 'MasterList<T>::MasterList(int)'
C:\Users\Taemin\Desktop\Lab03\Lab03\MasterList.h(158,1): message : 기존 선언
C:\Users\Taemin\Desktop\Lab03\Lab03\MasterList.h(158,1): message : 'MasterList<T>::MasterList(void)'
C:\Users\Taemin\Desktop\Lab03\Lab03\MasterList.h(165,1): error C2039: '{dtor}': 'MasterList<T>'의 멤버가 아닙니다.
C:\Users\Taemin\Desktop\Lab03\Lab03\MasterList.h(165,1): error C2447: '{': 함수 헤더가 없습니다. 이전 스타일의 형식 목록입니까?
C:\Users\Taemin\Desktop\Lab03\Lab03\MasterList.h(171,32): error C2039: 'MakeEmpty': 'MasterList<T>'의 멤버가 아닙니다.
C:\Users\Taemin\Desktop\Lab03\Lab03\MasterList.h(172,1): error C2447: '{': 함수 헤더가 없습니다. 이전 스타일의 형식 목록입니까?
  main.cpp
C:\Users\Taemin\Desktop\Lab03\Lab03\ItemType.h(257,29): error C3646: 'Compare_Serial': 알 수 없는 재정의 지정자입니다.
C:\Users\Taemin\Desktop\Lab03\Lab03\ItemType.h(257,29): error C2059: 구문 오류: '('
C:\Users\Taemin\Desktop\Lab03\Lab03\ItemType.h(257,51): error C2238: ';' 앞에 예기치 않은 토큰이 있습니다.
C:\Users\Taemin\Desktop\Lab03\Lab03\MasterList.h(21,1): error C3646: 'MasterList': 알 수 없는 재정의 지정자입니다.
C:\Users\Taemin\Desktop\Lab03\Lab03\MasterList.h(145): message : 컴파일되는 클래스 템플릿 인스턴스화 'MasterList<T>'에 대한 참조를 확인하세요.
C:\Users\Taemin\Desktop\Lab03\Lab03\MasterList.h(21,1): error C2059: 구문 오류: '('
C:\Users\Taemin\Desktop\Lab03\Lab03\MasterList.h(27,12): error C2059: 구문 오류: '('
C:\Users\Taemin\Desktop\Lab03\Lab03\MasterList.h(158,1): error C2244: 'MasterList<T>::MasterList': 함수 정의를 기존 선언과 일치시킬 수 없습니다.
C:\Users\Taemin\Desktop\Lab03\Lab03\MasterList.h(157): message : 'MasterList<T>::MasterList' 선언을 참조하십시오.
C:\Users\Taemin\Desktop\Lab03\Lab03\MasterList.h(158,1): message : 정의
C:\Users\Taemin\Desktop\Lab03\Lab03\MasterList.h(158,1): message : 'MasterList<T>::MasterList(int)'
C:\Users\Taemin\Desktop\Lab03\Lab03\MasterList.h(158,1): message : 기존 선언
C:\Users\Taemin\Desktop\Lab03\Lab03\MasterList.h(158,1): message : 'MasterList<T>::MasterList(void)'
C:\Users\Taemin\Desktop\Lab03\Lab03\MasterList.h(165,1): error C2039: '{dtor}': 'MasterList<T>'의 멤버가 아닙니다.
C:\Users\Taemin\Desktop\Lab03\Lab03\MasterList.h(165,1): error C2447: '{': 함수 헤더가 없습니다. 이전 스타일의 형식 목록입니까?
C:\Users\Taemin\Desktop\Lab03\Lab03\MasterList.h(171,32): error C2039: 'MakeEmpty': 'MasterList<T>'의 멤버가 아닙니다.
C:\Users\Taemin\Desktop\Lab03\Lab03\MasterList.h(172,1): error C2447: '{': 함수 헤더가 없습니다. 이전 스타일의 형식 목록입니까?
C:\Users\Taemin\Desktop\Lab03\Lab03\main.cpp(18,2): error C2065: 'Application': 선언되지 않은 식별자입니다.
C:\Users\Taemin\Desktop\Lab03\Lab03\main.cpp(19,2): error C2065: 'App': 선언되지 않은 식별자입니다.
  MasterList.cpp
C:\Users\Taemin\Desktop\Lab03\Lab03\ItemType.h(257,29): error C3646: 'Compare_Serial': 알 수 없는 재정의 지정자입니다.
C:\Users\Taemin\Desktop\Lab03\Lab03\ItemType.h(257,29): error C2059: 구문 오류: '('
C:\Users\Taemin\Desktop\Lab03\Lab03\ItemType.h(257,51): error C2238: ';' 앞에 예기치 않은 토큰이 있습니다.
C:\Users\Taemin\Desktop\Lab03\Lab03\MasterList.h(150,11): error C2988: 템플릿 선언/정의를 인식할 수 없습니다.
C:\Users\Taemin\Desktop\Lab03\Lab03\MasterList.h(150,11): error C2143: 구문 오류: ';'이(가) '<' 앞에 없습니다.
C:\Users\Taemin\Desktop\Lab03\Lab03\MasterList.h(150,11): error C2059: 구문 오류: '<'
C:\Users\Taemin\Desktop\Lab03\Lab03\MasterList.h(150,16): error C2039: 'MasterList': '`global namespace''의 멤버가 아닙니다.
C:\Users\Taemin\Desktop\Lab03\Lab03\MasterList.h(151,1): error C2143: 구문 오류: ';'이(가) '{' 앞에 없습니다.
C:\Users\Taemin\Desktop\Lab03\Lab03\MasterList.h(151,1): error C2447: '{': 함수 헤더가 없습니다. 이전 스타일의 형식 목록입니까?
C:\Users\Taemin\Desktop\Lab03\Lab03\MasterList.h(157,11): error C2988: 템플릿 선언/정의를 인식할 수 없습니다.
C:\Users\Taemin\Desktop\Lab03\Lab03\MasterList.h(157,11): error C2143: 구문 오류: ';'이(가) '<' 앞에 없습니다.
C:\Users\Taemin\Desktop\Lab03\Lab03\MasterList.h(157,11): error C2059: 구문 오류: '<'
C:\Users\Taemin\Desktop\Lab03\Lab03\MasterList.h(157,16): error C2039: 'MasterList': '`global namespace''의 멤버가 아닙니다.
C:\Users\Taemin\Desktop\Lab03\Lab03\MasterList.h(158,1): error C2143: 구문 오류: ';'이(가) '{' 앞에 없습니다.
C:\Users\Taemin\Desktop\Lab03\Lab03\MasterList.h(158,1): error C2447: '{': 함수 헤더가 없습니다. 이전 스타일의 형식 목록입니까?
C:\Users\Taemin\Desktop\Lab03\Lab03\MasterList.h(164,11): error C2988: 템플릿 선언/정의를 인식할 수 없습니다.
C:\Users\Taemin\Desktop\Lab03\Lab03\MasterList.h(164,11): error C2143: 구문 오류: ';'이(가) '<' 앞에 없습니다.
C:\Users\Taemin\Desktop\Lab03\Lab03\MasterList.h(164,11): error C2059: 구문 오류: '<'
C:\Users\Taemin\Desktop\Lab03\Lab03\MasterList.h(164,1): error C2523: '::~MasterList': 소멸자 태그가 일치하지 않습니다.
C:\Users\Taemin\Desktop\Lab03\Lab03\MasterList.h(164,17): error C2039: 'MasterList': '`global namespace''의 멤버가 아닙니다.
C:\Users\Taemin\Desktop\Lab03\Lab03\MasterList.h(165,1): error C2143: 구문 오류: ';'이(가) '{' 앞에 없습니다.
C:\Users\Taemin\Desktop\Lab03\Lab03\MasterList.h(165,1): error C2447: '{': 함수 헤더가 없습니다. 이전 스타일의 형식 목록입니까?
C:\Users\Taemin\Desktop\Lab03\Lab03\MasterList.h(171,16): error C2988: 템플릿 선언/정의를 인식할 수 없습니다.
C:\Users\Taemin\Desktop\Lab03\Lab03\MasterList.h(171,16): error C2143: 구문 오류: ';'이(가) '<' 앞에 없습니다.
C:\Users\Taemin\Desktop\Lab03\Lab03\MasterList.h(171,32): error C2182: 'MasterList': 'void' 형식을 잘못 사용했습니다.
C:\Users\Taemin\Desktop\Lab03\Lab03\MasterList.h(171,16): error C2059: 구문 오류: '<'
C:\Users\Taemin\Desktop\Lab03\Lab03\MasterList.h(171,21): error C2039: 'MakeEmpty': '`global namespace''의 멤버가 아닙니다.
C:\Users\Taemin\Desktop\Lab03\Lab03\MasterList.h(172,1): error C2447: '{': 함수 헤더가 없습니다. 이전 스타일의 형식 목록입니까?
C:\Users\Taemin\Desktop\Lab03\Lab03\MasterList.h(178,15): error C2988: 템플릿 선언/정의를 인식할 수 없습니다.
C:\Users\Taemin\Desktop\Lab03\Lab03\MasterList.h(178,15): error C2143: 구문 오류: ';'이(가) '<' 앞에 없습니다.
C:\Users\Taemin\Desktop\Lab03\Lab03\MasterList.h(178,5): error C2374: 'MasterList': 재정의. 여러 번 초기화했습니다.
C:\Users\Taemin\Desktop\Lab03\Lab03\MasterList.h(171): message : 'MasterList' 선언을 참조하십시오.
C:\Users\Taemin\Desktop\Lab03\Lab03\MasterList.h(178,15): error C2059: 구문 오류: '<'
C:\Users\Taemin\Desktop\Lab03\Lab03\MasterList.h(178,20): error C2039: 'GetLength': '`global namespace''의 멤버가 아닙니다.
C:\Users\Taemin\Desktop\Lab03\Lab03\MasterList.h(179,1): error C2143: 구문 오류: ';'이(가) '{' 앞에 없습니다.
C:\Users\Taemin\Desktop\Lab03\Lab03\MasterList.h(179,1): error C2447: '{': 함수 헤더가 없습니다. 이전 스타일의 형식 목록입니까?
C:\Users\Taemin\Desktop\Lab03\Lab03\MasterList.h(185,16): error C2988: 템플릿 선언/정의를 인식할 수 없습니다.
C:\Users\Taemin\Desktop\Lab03\Lab03\MasterList.h(185,16): error C2143: 구문 오류: ';'이(가) '<' 앞에 없습니다.
C:\Users\Taemin\Desktop\Lab03\Lab03\MasterList.h(185,6): error C2371: 'MasterList': 재정의. 기본 형식이 다릅니다.
C:\Users\Taemin\Desktop\Lab03\Lab03\MasterList.h(171): message : 'MasterList' 선언을 참조하십시오.
C:\Users\Taemin\Desktop\Lab03\Lab03\MasterList.h(185,16): error C2059: 구문 오류: '<'
C:\Users\Taemin\Desktop\Lab03\Lab03\MasterList.h(185,21): error C2039: 'IsFull': '`global namespace''의 멤버가 아닙니다.
C:\Users\Taemin\Desktop\Lab03\Lab03\MasterList.h(186,1): error C2143: 구문 오류: ';'이(가) '{' 앞에 없습니다.
C:\Users\Taemin\Desktop\Lab03\Lab03\MasterList.h(186,1): error C2447: '{': 함수 헤더가 없습니다. 이전 스타일의 형식 목록입니까?
C:\Users\Taemin\Desktop\Lab03\Lab03\MasterList.h(192,16): error C2988: 템플릿 선언/정의를 인식할 수 없습니다.
C:\Users\Taemin\Desktop\Lab03\Lab03\MasterList.h(192,16): error C2143: 구문 오류: ';'이(가) '<' 앞에 없습니다.
C:\Users\Taemin\Desktop\Lab03\Lab03\MasterList.h(192,6): error C2371: 'MasterList': 재정의. 기본 형식이 다릅니다.
C:\Users\Taemin\Desktop\Lab03\Lab03\MasterList.h(171): message : 'MasterList' 선언을 참조하십시오.
C:\Users\Taemin\Desktop\Lab03\Lab03\MasterList.h(192,16): error C2059: 구문 오류: '<'
C:\Users\Taemin\Desktop\Lab03\Lab03\MasterList.h(192,21): error C2039: 'IsEmpty': '`global namespace''의 멤버가 아닙니다.
C:\Users\Taemin\Desktop\Lab03\Lab03\MasterList.h(193,1): error C2143: 구문 오류: ';'이(가) '{' 앞에 없습니다.
C:\Users\Taemin\Desktop\Lab03\Lab03\MasterList.h(193,1): error C2447: '{': 함수 헤더가 없습니다. 이전 스타일의 형식 목록입니까?
C:\Users\Taemin\Desktop\Lab03\Lab03\MasterList.h(199,16): error C2988: 템플릿 선언/정의를 인식할 수 없습니다.
C:\Users\Taemin\Desktop\Lab03\Lab03\MasterList.h(199,16): error C2143: 구문 오류: ';'이(가) '<' 앞에 없습니다.
C:\Users\Taemin\Desktop\Lab03\Lab03\MasterList.h(199,16): error C2182: 'MasterList': 'void' 형식을 잘못 사용했습니다.
C:\Users\Taemin\Desktop\Lab03\Lab03\MasterList.h(199,6): error C2374: 'MasterList': 재정의. 여러 번 초기화했습니다.
C:\Users\Taemin\Desktop\Lab03\Lab03\MasterList.h(171): message : 'MasterList' 선언을 참조하십시오.
C:\Users\Taemin\Desktop\Lab03\Lab03\MasterList.h(199,16): error C2059: 구문 오류: '<'
C:\Users\Taemin\Desktop\Lab03\Lab03\MasterList.h(199,21): error C2039: 'ResetList': '`global namespace''의 멤버가 아닙니다.
C:\Users\Taemin\Desktop\Lab03\Lab03\MasterList.h(200,1): error C2143: 구문 오류: ';'이(가) '{' 앞에 없습니다.
C:\Users\Taemin\Desktop\Lab03\Lab03\MasterList.h(200,1): error C2447: '{': 함수 헤더가 없습니다. 이전 스타일의 형식 목록입니까?
C:\Users\Taemin\Desktop\Lab03\Lab03\MasterList.h(206,15): error C2988: 템플릿 선언/정의를 인식할 수 없습니다.
C:\Users\Taemin\Desktop\Lab03\Lab03\MasterList.h(206,15): error C2143: 구문 오류: ';'이(가) '<' 앞에 없습니다.
C:\Users\Taemin\Desktop\Lab03\Lab03\MasterList.h(206,5): error C2374: 'MasterList': 재정의. 여러 번 초기화했습니다.
C:\Users\Taemin\Desktop\Lab03\Lab03\MasterList.h(171): message : 'MasterList' 선언을 참조하십시오.
C:\Users\Taemin\Desktop\Lab03\Lab03\MasterList.h(206,15): error C2059: 구문 오류: '<'
C:\Users\Taemin\Desktop\Lab03\Lab03\MasterList.h(206,20): error C2039: 'GetNextItem': '`global namespace''의 멤버가 아닙니다.
C:\Users\Taemin\Desktop\Lab03\Lab03\MasterList.h(207,1): error C2143: 구문 오류: ';'이(가) '{' 앞에 없습니다.
C:\Users\Taemin\Desktop\Lab03\Lab03\MasterList.h(207,1): error C2447: '{': 함수 헤더가 없습니다. 이전 스타일의 형식 목록입니까?
C:\Users\Taemin\Desktop\Lab03\Lab03\MasterList.h(213,15): error C2988: 템플릿 선언/정의를 인식할 수 없습니다.
C:\Users\Taemin\Desktop\Lab03\Lab03\MasterList.h(213,15): error C2143: 구문 오류: ';'이(가) '<' 앞에 없습니다.
C:\Users\Taemin\Desktop\Lab03\Lab03\MasterList.h(213,5): error C2374: 'MasterList': 재정의. 여러 번 초기화했습니다.
C:\Users\Taemin\Desktop\Lab03\Lab03\MasterList.h(171): message : 'MasterList' 선언을 참조하십시오.
C:\Users\Taemin\Desktop\Lab03\Lab03\MasterList.h(213,15): error C2059: 구문 오류: '<'
C:\Users\Taemin\Desktop\Lab03\Lab03\MasterList.h(213,20): error C2039: 'Add': '`global namespace''의 멤버가 아닙니다.
C:\Users\Taemin\Desktop\Lab03\Lab03\MasterList.h(214,1): error C2143: 구문 오류: ';'이(가) '{' 앞에 없습니다.
C:\Users\Taemin\Desktop\Lab03\Lab03\MasterList.h(214,1): error C2447: '{': 함수 헤더가 없습니다. 이전 스타일의 형식 목록입니까?
C:\Users\Taemin\Desktop\Lab03\Lab03\MasterList.h(220,15): error C2988: 템플릿 선언/정의를 인식할 수 없습니다.
C:\Users\Taemin\Desktop\Lab03\Lab03\MasterList.h(220,15): error C2143: 구문 오류: ';'이(가) '<' 앞에 없습니다.
C:\Users\Taemin\Desktop\Lab03\Lab03\MasterList.h(220,5): error C2374: 'MasterList': 재정의. 여러 번 초기화했습니다.
C:\Users\Taemin\Desktop\Lab03\Lab03\MasterList.h(171): message : 'MasterList' 선언을 참조하십시오.
C:\Users\Taemin\Desktop\Lab03\Lab03\MasterList.h(220,15): error C2059: 구문 오류: '<'
C:\Users\Taemin\Desktop\Lab03\Lab03\MasterList.h(220,20): error C2039: 'Delete': '`global namespace''의 멤버가 아닙니다.
C:\Users\Taemin\Desktop\Lab03\Lab03\MasterList.h(221,1): error C2143: 구문 오류: ';'이(가) '{' 앞에 없습니다.
C:\Users\Taemin\Desktop\Lab03\Lab03\MasterList.h(221,1): error C2447: '{': 함수 헤더가 없습니다. 이전 스타일의 형식 목록입니까?
C:\Users\Taemin\Desktop\Lab03\Lab03\MasterList.h(227,15): error C2988: 템플릿 선언/정의를 인식할 수 없습니다.
C:\Users\Taemin\Desktop\Lab03\Lab03\MasterList.h(227,15): error C2143: 구문 오류: ';'이(가) '<' 앞에 없습니다.
C:\Users\Taemin\Desktop\Lab03\Lab03\MasterList.h(227,5): error C2374: 'MasterList': 재정의. 여러 번 초기화했습니다.
C:\Users\Taemin\Desktop\Lab03\Lab03\MasterList.h(171): message : 'MasterList' 선언을 참조하십시오.
C:\Users\Taemin\Desktop\Lab03\Lab03\MasterList.h(227,15): error C2059: 구문 오류: '<'
C:\Users\Taemin\Desktop\Lab03\Lab03\MasterList.h(227,20): error C2039: 'Replace': '`global namespace''의 멤버가 아닙니다.
C:\Users\Taemin\Desktop\Lab03\Lab03\MasterList.h(228,1): error C2143: 구문 오류: ';'이(가) '{' 앞에 없습니다.
C:\Users\Taemin\Desktop\Lab03\Lab03\MasterList.h(228,1): error C2447: '{': 함수 헤더가 없습니다. 이전 스타일의 형식 목록입니까?
C:\Users\Taemin\Desktop\Lab03\Lab03\MasterList.h(234,15): error C2988: 템플릿 선언/정의를 인식할 수 없습니다.
C:\Users\Taemin\Desktop\Lab03\Lab03\MasterList.h(234,15): error C2143: 구문 오류: ';'이(가) '<' 앞에 없습니다.
C:\Users\Taemin\Desktop\Lab03\Lab03\MasterList.h(234,5): error C2374: 'MasterList': 재정의. 여러 번 초기화했습니다.
C:\Users\Taemin\Desktop\Lab03\Lab03\MasterList.h(171): message : 'MasterList' 선언을 참조하십시오.
C:\Users\Taemin\Desktop\Lab03\Lab03\MasterList.h(234,15): error C2059: 구문 오류: '<'
C:\Users\Taemin\Desktop\Lab03\Lab03\MasterList.h(234,20): error C2039: 'Retrieve_SeqS': '`global namespace''의 멤버가 아닙니다.
C:\Users\Taemin\Desktop\Lab03\Lab03\MasterList.h(235,1): error C2143: 구문 오류: ';'이(가) '{' 앞에 없습니다.
C:\Users\Taemin\Desktop\Lab03\Lab03\MasterList.h(235,1): error C2447: '{': 함수 헤더가 없습니다. 이전 스타일의 형식 목록입니까?
C:\Users\Taemin\Desktop\Lab03\Lab03\MasterList.h(241,15): error C2988: 템플릿 선언/정의를 인식할 수 없습니다.
C:\Users\Taemin\Desktop\Lab03\Lab03\MasterList.h(241,15): error C2143: 구문 오류: ';'이(가) '<' 앞에 없습니다.
C:\Users\Taemin\Desktop\Lab03\Lab03\MasterList.h(241,5): error C2374: 'MasterList': 재정의. 여러 번 초기화했습니다.
C:\Users\Taemin\Desktop\Lab03\Lab03\MasterList.h(171): message : 'MasterList' 선언을 참조하십시오.
C:\Users\Taemin\Desktop\Lab03\Lab03\MasterList.h(241,15): error C2059: 구문 오류: '<'
C:\Users\Taemin\Desktop\Lab03\Lab03\MasterList.h(241,20): error C2039: 'RetrieveByBS': '`global namespace''의 멤버가 아닙니다.
C:\Users\Taemin\Desktop\Lab03\Lab03\MasterList.h(242,1): error C2143: 구문 오류: ';'이(가) '{' 앞에 없습니다.
C:\Users\Taemin\Desktop\Lab03\Lab03\MasterList.h(242,1): error C2447: '{': 함수 헤더가 없습니다. 이전 스타일의 형식 목록입니까?
C:\Users\Taemin\Desktop\Lab03\Lab03\MasterList.h(21,1): error C3646: 'MasterList': 알 수 없는 재정의 지정자입니다.
C:\Users\Taemin\Desktop\Lab03\Lab03\MasterList.h(145): message : 컴파일되는 클래스 템플릿 인스턴스화 'MasterList<T>'에 대한 참조를 확인하세요.
C:\Users\Taemin\Desktop\Lab03\Lab03\MasterList.h(21,1): error C2059: 구문 오류: '('
C:\Users\Taemin\Desktop\Lab03\Lab03\MasterList.h(21,1): fatal error C1003: 오류 수가 100개를 초과했습니다. 컴파일을 중지합니다.
  pch.cpp
C:\Users\Taemin\Desktop\Lab03\Lab03\ItemType.h(257,29): error C3646: 'Compare_Serial': 알 수 없는 재정의 지정자입니다.
C:\Users\Taemin\Desktop\Lab03\Lab03\ItemType.h(257,29): error C2059: 구문 오류: '('
C:\Users\Taemin\Desktop\Lab03\Lab03\ItemType.h(257,51): error C2238: ';' 앞에 예기치 않은 토큰이 있습니다.
C:\Users\Taemin\Desktop\Lab03\Lab03\MasterList.h(21,1): error C3646: 'MasterList': 알 수 없는 재정의 지정자입니다.
C:\Users\Taemin\Desktop\Lab03\Lab03\MasterList.h(145): message : 컴파일되는 클래스 템플릿 인스턴스화 'MasterList<T>'에 대한 참조를 확인하세요.
C:\Users\Taemin\Desktop\Lab03\Lab03\MasterList.h(21,1): error C2059: 구문 오류: '('
C:\Users\Taemin\Desktop\Lab03\Lab03\MasterList.h(27,12): error C2059: 구문 오류: '('
C:\Users\Taemin\Desktop\Lab03\Lab03\MasterList.h(158,1): error C2244: 'MasterList<T>::MasterList': 함수 정의를 기존 선언과 일치시킬 수 없습니다.
C:\Users\Taemin\Desktop\Lab03\Lab03\MasterList.h(157): message : 'MasterList<T>::MasterList' 선언을 참조하십시오.
C:\Users\Taemin\Desktop\Lab03\Lab03\MasterList.h(158,1): message : 정의
C:\Users\Taemin\Desktop\Lab03\Lab03\MasterList.h(158,1): message : 'MasterList<T>::MasterList(int)'
C:\Users\Taemin\Desktop\Lab03\Lab03\MasterList.h(158,1): message : 기존 선언
C:\Users\Taemin\Desktop\Lab03\Lab03\MasterList.h(158,1): message : 'MasterList<T>::MasterList(void)'
C:\Users\Taemin\Desktop\Lab03\Lab03\MasterList.h(165,1): error C2039: '{dtor}': 'MasterList<T>'의 멤버가 아닙니다.
C:\Users\Taemin\Desktop\Lab03\Lab03\MasterList.h(165,1): error C2447: '{': 함수 헤더가 없습니다. 이전 스타일의 형식 목록입니까?
C:\Users\Taemin\Desktop\Lab03\Lab03\MasterList.h(171,32): error C2039: 'MakeEmpty': 'MasterList<T>'의 멤버가 아닙니다.
C:\Users\Taemin\Desktop\Lab03\Lab03\MasterList.h(172,1): error C2447: '{': 함수 헤더가 없습니다. 이전 스타일의 형식 목록입니까?
  코드를 생성하고 있습니다...
