  CircularQueueType.cpp
C:\Users\Taemin\Desktop\3-2\자료구조\Lab03_PT\Lab03_PT\CircularQueueType.h(59,16): error C2760: 구문 오류: '['을(는) 예기치 않은 토큰입니다. 필요한 토큰은 '형식 지정자'입니다.
C:\Users\Taemin\Desktop\3-2\자료구조\Lab03_PT\Lab03_PT\CircularQueueType.h(69,16): error C2760: 구문 오류: '['을(는) 예기치 않은 토큰입니다. 필요한 토큰은 '형식 지정자'입니다.
C:\Users\Taemin\Desktop\3-2\자료구조\Lab03_PT\Lab03_PT\CircularQueueType.h(76,18): error C2760: 구문 오류: ']'을(는) 예기치 않은 토큰입니다. 필요한 토큰은 '식'입니다.
C:\Users\Taemin\Desktop\3-2\자료구조\Lab03_PT\Lab03_PT\CircularQueueType.h(83,10): error C2760: 구문 오류: ')'을(는) 예기치 않은 토큰입니다. 필요한 토큰은 '식'입니다.
  DynamicStackType.cpp
C:\Users\Taemin\Desktop\3-2\자료구조\Lab03_PT\Lab03_PT\DynamicStackType.h(48,14): error C2760: 구문 오류: '식별자'을(는) 예기치 않은 토큰입니다. 필요한 토큰은 '형식 지정자'입니다.
C:\Users\Taemin\Desktop\3-2\자료구조\Lab03_PT\Lab03_PT\DynamicStackType.h(57,14): error C2760: 구문 오류: '식별자'을(는) 예기치 않은 토큰입니다. 필요한 토큰은 '형식 지정자'입니다.
C:\Users\Taemin\Desktop\3-2\자료구조\Lab03_PT\Lab03_PT\DynamicStackType.h(64,15): error C2760: 구문 오류: ']'을(는) 예기치 않은 토큰입니다. 필요한 토큰은 '식'입니다.
C:\Users\Taemin\Desktop\3-2\자료구조\Lab03_PT\Lab03_PT\DynamicStackType.h(79,1): error C2760: 구문 오류: '}'을(는) 예기치 않은 토큰입니다. 필요한 토큰은 ';'입니다.
C:\Users\Taemin\Desktop\3-2\자료구조\Lab03_PT\Lab03_PT\DynamicStackType.h(85,6): error C3861: 'Isfull': 식별자를 찾을 수 없습니다.
C:\Users\Taemin\Desktop\3-2\자료구조\Lab03_PT\Lab03_PT\DynamicStackType.h(85,12): message : 'Isfull': 인수가 템플릿 매개 변수에 종속되지 않으므로 함수 선언을 사용할 수 있어야 합니다.
C:\Users\Taemin\Desktop\3-2\자료구조\Lab03_PT\Lab03_PT\DynamicStackType.h(86,10): error C3861: 'PushOnFullStack': 식별자를 찾을 수 없습니다.
C:\Users\Taemin\Desktop\3-2\자료구조\Lab03_PT\Lab03_PT\DynamicStackType.h(86,25): message : 'PushOnFullStack': 인수가 템플릿 매개 변수에 종속되지 않으므로 함수 선언을 사용할 수 있어야 합니다.
C:\Users\Taemin\Desktop\3-2\자료구조\Lab03_PT\Lab03_PT\DynamicStackType.h(96,10): error C3861: 'PullOnEmptyStack': 식별자를 찾을 수 없습니다.
C:\Users\Taemin\Desktop\3-2\자료구조\Lab03_PT\Lab03_PT\DynamicStackType.h(96,26): message : 'PullOnEmptyStack': 인수가 템플릿 매개 변수에 종속되지 않으므로 함수 선언을 사용할 수 있어야 합니다.
  GeneralStackType.cpp
C:\Users\Taemin\Desktop\3-2\자료구조\Lab03_PT\Lab03_PT\GeneralStackType.h(71,9): error C3861: 'PushOnFullStack': 식별자를 찾을 수 없습니다.
C:\Users\Taemin\Desktop\3-2\자료구조\Lab03_PT\Lab03_PT\GeneralStackType.h(71,24): message : 'PushOnFullStack': 인수가 템플릿 매개 변수에 종속되지 않으므로 함수 선언을 사용할 수 있어야 합니다.
C:\Users\Taemin\Desktop\3-2\자료구조\Lab03_PT\Lab03_PT\GeneralStackType.h(81,9): error C3861: 'PopOnEmptyStack': 식별자를 찾을 수 없습니다.
C:\Users\Taemin\Desktop\3-2\자료구조\Lab03_PT\Lab03_PT\GeneralStackType.h(81,24): message : 'PopOnEmptyStack': 인수가 템플릿 매개 변수에 종속되지 않으므로 함수 선언을 사용할 수 있어야 합니다.
C:\Users\Taemin\Desktop\3-2\자료구조\Lab03_PT\Lab03_PT\GeneralStackType.h(83,2): error C3861: 'item': 식별자를 찾을 수 없습니다.
  ItemType.cpp
C:\Users\Taemin\Desktop\3-2\자료구조\Lab03_PT\Lab03_PT\ItemType.cpp(256,45): warning C4129: 'm': 문자 이스케이프 시퀀스를 인식할 수 없습니다.
C:\Users\Taemin\Desktop\3-2\자료구조\Lab03_PT\Lab03_PT\ItemType.cpp(262,46): warning C4129: 'm': 문자 이스케이프 시퀀스를 인식할 수 없습니다.
  StackType.cpp
C:\Users\Taemin\Desktop\3-2\자료구조\Lab03_PT\Lab03_PT\StackType.cpp(26,9): error C3861: 'PushOnFullStack': 식별자를 찾을 수 없습니다.
C:\Users\Taemin\Desktop\3-2\자료구조\Lab03_PT\Lab03_PT\StackType.cpp(35,9): error C3861: 'PopOnEmptyStack': 식별자를 찾을 수 없습니다.
  코드를 생성하고 있습니다...
